<?xml version="1.0" encoding="UTF-8"?>
<coverage generated="1629922944413" clover="3.2.0">
  <project timestamp="1629922944413" name="All files">
    <metrics statements="31" coveredstatements="9" conditionals="8" coveredconditionals="4" methods="23" coveredmethods="5" elements="62" coveredelements="18" complexity="0" loc="31" ncloc="31" packages="1" files="2" classes="2"/>
    <file name="LocalStorageMock.js" path="/home/jaar/Documents/Projects/TodoList/src/LocalStorageMock.js">
      <metrics statements="6" coveredstatements="4" conditionals="2" coveredconditionals="2" methods="5" coveredmethods="3"/>
      <line num="3" count="1" type="stmt"/>
      <line num="7" count="1" type="stmt"/>
      <line num="11" count="1" type="cond" truecount="2" falsecount="0"/>
      <line num="15" count="0" type="stmt"/>
      <line num="19" count="0" type="stmt"/>
      <line num="23" count="1" type="stmt"/>
    </file>
    <file name="constructor.js" path="/home/jaar/Documents/Projects/TodoList/src/constructor.js">
      <metrics statements="25" coveredstatements="5" conditionals="6" coveredconditionals="2" methods="18" coveredmethods="2"/>
      <line num="2" count="8" type="stmt"/>
      <line num="3" count="8" type="stmt"/>
      <line num="4" count="8" type="stmt"/>
      <line num="9" count="1" type="cond" truecount="2" falsecount="0"/>
      <line num="16" count="0" type="stmt"/>
      <line num="17" count="0" type="stmt"/>
      <line num="21" count="0" type="cond" truecount="0" falsecount="2"/>
      <line num="22" count="0" type="cond" truecount="0" falsecount="2"/>
      <line num="26" count="0" type="stmt"/>
      <line num="27" count="0" type="stmt"/>
      <line num="28" count="0" type="stmt"/>
      <line num="32" count="0" type="stmt"/>
      <line num="33" count="0" type="stmt"/>
      <line num="34" count="0" type="stmt"/>
      <line num="35" count="0" type="stmt"/>
      <line num="36" count="0" type="stmt"/>
      <line num="37" count="0" type="stmt"/>
      <line num="41" count="0" type="stmt"/>
      <line num="45" count="0" type="stmt"/>
      <line num="46" count="0" type="stmt"/>
      <line num="50" count="0" type="stmt"/>
      <line num="51" count="0" type="stmt"/>
      <line num="56" count="0" type="stmt"/>
      <line num="57" count="0" type="stmt"/>
      <line num="61" count="1" type="stmt"/>
    </file>
  </project>
</coverage>
