{"/home/jaar/Documents/Projects/TodoList/src/LocalStorageMock.js": {"path":"/home/jaar/Documents/Projects/TodoList/src/LocalStorageMock.js","statementMap":{"0":{"start":{"line":3,"column":6},"end":{"line":3,"column":22}},"1":{"start":{"line":7,"column":6},"end":{"line":7,"column":22}},"2":{"start":{"line":11,"column":6},"end":{"line":11,"column":37}},"3":{"start":{"line":15,"column":6},"end":{"line":15,"column":38}},"4":{"start":{"line":19,"column":6},"end":{"line":19,"column":29}},"5":{"start":{"line":23,"column":1},"end":{"line":23,"column":44}}},"fnMap":{"0":{"name":"(anonymous_0)","decl":{"start":{"line":2,"column":4},"end":{"line":2,"column":5}},"loc":{"start":{"line":2,"column":18},"end":{"line":4,"column":5}},"line":2},"1":{"name":"(anonymous_1)","decl":{"start":{"line":6,"column":4},"end":{"line":6,"column":5}},"loc":{"start":{"line":6,"column":12},"end":{"line":8,"column":5}},"line":6},"2":{"name":"(anonymous_2)","decl":{"start":{"line":10,"column":4},"end":{"line":10,"column":5}},"loc":{"start":{"line":10,"column":17},"end":{"line":12,"column":5}},"line":10},"3":{"name":"(anonymous_3)","decl":{"start":{"line":14,"column":4},"end":{"line":14,"column":5}},"loc":{"start":{"line":14,"column":24},"end":{"line":16,"column":5}},"line":14},"4":{"name":"(anonymous_4)","decl":{"start":{"line":18,"column":4},"end":{"line":18,"column":5}},"loc":{"start":{"line":18,"column":20},"end":{"line":20,"column":5}},"line":18}},"branchMap":{"0":{"loc":{"start":{"line":11,"column":13},"end":{"line":11,"column":36}},"type":"binary-expr","locations":[{"start":{"line":11,"column":13},"end":{"line":11,"column":28}},{"start":{"line":11,"column":32},"end":{"line":11,"column":36}}],"line":11}},"s":{"0":1,"1":1,"2":1,"3":0,"4":0,"5":1},"f":{"0":1,"1":1,"2":1,"3":0,"4":0},"b":{"0":[1,1]},"_coverageSchema":"1a1c01bbd47fc00a2c39e90264f33305004495a9","hash":"ddac8b69dd420247e61d8619e05b2e19b6243af0"}
,"/home/jaar/Documents/Projects/TodoList/src/constructor.js": {"path":"/home/jaar/Documents/Projects/TodoList/src/constructor.js","statementMap":{"0":{"start":{"line":2,"column":2},"end":{"line":2,"column":21}},"1":{"start":{"line":3,"column":2},"end":{"line":3,"column":29}},"2":{"start":{"line":4,"column":2},"end":{"line":4,"column":33}},"3":{"start":{"line":9,"column":4},"end":{"line":12,"column":57}},"4":{"start":{"line":16,"column":4},"end":{"line":16,"column":70}},"5":{"start":{"line":17,"column":4},"end":{"line":17,"column":16}},"6":{"start":{"line":21,"column":4},"end":{"line":22,"column":72}},"7":{"start":{"line":22,"column":6},"end":{"line":22,"column":51}},"8":{"start":{"line":26,"column":18},"end":{"line":26,"column":88}},"9":{"start":{"line":26,"column":48},"end":{"line":26,"column":87}},"10":{"start":{"line":27,"column":4},"end":{"line":27,"column":31}},"11":{"start":{"line":28,"column":4},"end":{"line":28,"column":16}},"12":{"start":{"line":32,"column":14},"end":{"line":32,"column":80}},"13":{"start":{"line":32,"column":44},"end":{"line":32,"column":79}},"14":{"start":{"line":33,"column":14},"end":{"line":33,"column":80}},"15":{"start":{"line":33,"column":44},"end":{"line":33,"column":79}},"16":{"start":{"line":34,"column":18},"end":{"line":34,"column":30}},"17":{"start":{"line":35,"column":4},"end":{"line":35,"column":32}},"18":{"start":{"line":36,"column":4},"end":{"line":36,"column":25}},"19":{"start":{"line":37,"column":4},"end":{"line":37,"column":16}},"20":{"start":{"line":41,"column":4},"end":{"line":41,"column":64}},"21":{"start":{"line":45,"column":4},"end":{"line":45,"column":83}},"22":{"start":{"line":45,"column":29},"end":{"line":45,"column":63}},"23":{"start":{"line":46,"column":4},"end":{"line":46,"column":16}},"24":{"start":{"line":50,"column":4},"end":{"line":52,"column":7}},"25":{"start":{"line":50,"column":31},"end":{"line":50,"column":45}},"26":{"start":{"line":51,"column":6},"end":{"line":51,"column":33}},"27":{"start":{"line":56,"column":4},"end":{"line":56,"column":91}},"28":{"start":{"line":56,"column":29},"end":{"line":56,"column":63}},"29":{"start":{"line":57,"column":4},"end":{"line":57,"column":16}},"30":{"start":{"line":61,"column":19},"end":{"line":61,"column":33}}},"fnMap":{"0":{"name":"Todo","decl":{"start":{"line":1,"column":16},"end":{"line":1,"column":20}},"loc":{"start":{"line":1,"column":52},"end":{"line":5,"column":1}},"line":1},"1":{"name":"(anonymous_1)","decl":{"start":{"line":8,"column":2},"end":{"line":8,"column":3}},"loc":{"start":{"line":8,"column":16},"end":{"line":13,"column":3}},"line":8},"2":{"name":"(anonymous_2)","decl":{"start":{"line":15,"column":2},"end":{"line":15,"column":3}},"loc":{"start":{"line":15,"column":19},"end":{"line":18,"column":3}},"line":15},"3":{"name":"(anonymous_3)","decl":{"start":{"line":20,"column":2},"end":{"line":20,"column":3}},"loc":{"start":{"line":20,"column":17},"end":{"line":23,"column":3}},"line":20},"4":{"name":"(anonymous_4)","decl":{"start":{"line":21,"column":28},"end":{"line":21,"column":29}},"loc":{"start":{"line":22,"column":6},"end":{"line":22,"column":51}},"line":22},"5":{"name":"(anonymous_5)","decl":{"start":{"line":25,"column":2},"end":{"line":25,"column":3}},"loc":{"start":{"line":25,"column":21},"end":{"line":29,"column":3}},"line":25},"6":{"name":"(anonymous_6)","decl":{"start":{"line":26,"column":38},"end":{"line":26,"column":39}},"loc":{"start":{"line":26,"column":48},"end":{"line":26,"column":87}},"line":26},"7":{"name":"(anonymous_7)","decl":{"start":{"line":31,"column":2},"end":{"line":31,"column":3}},"loc":{"start":{"line":31,"column":23},"end":{"line":38,"column":3}},"line":31},"8":{"name":"(anonymous_8)","decl":{"start":{"line":32,"column":34},"end":{"line":32,"column":35}},"loc":{"start":{"line":32,"column":44},"end":{"line":32,"column":79}},"line":32},"9":{"name":"(anonymous_9)","decl":{"start":{"line":33,"column":34},"end":{"line":33,"column":35}},"loc":{"start":{"line":33,"column":44},"end":{"line":33,"column":79}},"line":33},"10":{"name":"(anonymous_10)","decl":{"start":{"line":40,"column":2},"end":{"line":40,"column":3}},"loc":{"start":{"line":40,"column":9},"end":{"line":42,"column":3}},"line":40},"11":{"name":"(anonymous_11)","decl":{"start":{"line":44,"column":2},"end":{"line":44,"column":3}},"loc":{"start":{"line":44,"column":26},"end":{"line":47,"column":3}},"line":44},"12":{"name":"(anonymous_12)","decl":{"start":{"line":45,"column":19},"end":{"line":45,"column":20}},"loc":{"start":{"line":45,"column":29},"end":{"line":45,"column":63}},"line":45},"13":{"name":"(anonymous_13)","decl":{"start":{"line":49,"column":2},"end":{"line":49,"column":3}},"loc":{"start":{"line":49,"column":20},"end":{"line":53,"column":3}},"line":49},"14":{"name":"(anonymous_14)","decl":{"start":{"line":50,"column":21},"end":{"line":50,"column":22}},"loc":{"start":{"line":50,"column":31},"end":{"line":50,"column":45}},"line":50},"15":{"name":"(anonymous_15)","decl":{"start":{"line":50,"column":55},"end":{"line":50,"column":56}},"loc":{"start":{"line":50,"column":68},"end":{"line":52,"column":5}},"line":50},"16":{"name":"(anonymous_16)","decl":{"start":{"line":55,"column":2},"end":{"line":55,"column":3}},"loc":{"start":{"line":55,"column":27},"end":{"line":58,"column":3}},"line":55},"17":{"name":"(anonymous_17)","decl":{"start":{"line":56,"column":19},"end":{"line":56,"column":20}},"loc":{"start":{"line":56,"column":29},"end":{"line":56,"column":63}},"line":56}},"branchMap":{"0":{"loc":{"start":{"line":9,"column":16},"end":{"line":12,"column":56}},"type":"binary-expr","locations":[{"start":{"line":9,"column":16},"end":{"line":9,"column":60}},{"start":{"line":9,"column":64},"end":{"line":12,"column":56}}],"line":9},"1":{"loc":{"start":{"line":21,"column":11},"end":{"line":22,"column":71}},"type":"binary-expr","locations":[{"start":{"line":21,"column":11},"end":{"line":22,"column":66}},{"start":{"line":22,"column":70},"end":{"line":22,"column":71}}],"line":21},"2":{"loc":{"start":{"line":22,"column":6},"end":{"line":22,"column":51}},"type":"cond-expr","locations":[{"start":{"line":22,"column":37},"end":{"line":22,"column":41}},{"start":{"line":22,"column":44},"end":{"line":22,"column":51}}],"line":22}},"s":{"0":8,"1":8,"2":8,"3":1,"4":0,"5":0,"6":0,"7":0,"8":0,"9":0,"10":0,"11":0,"12":0,"13":0,"14":0,"15":0,"16":0,"17":0,"18":0,"19":0,"20":0,"21":0,"22":0,"23":0,"24":0,"25":0,"26":0,"27":0,"28":0,"29":0,"30":1},"f":{"0":8,"1":1,"2":0,"3":0,"4":0,"5":0,"6":0,"7":0,"8":0,"9":0,"10":0,"11":0,"12":0,"13":0,"14":0,"15":0,"16":0,"17":0},"b":{"0":[1,1],"1":[0,0],"2":[0,0]},"_coverageSchema":"1a1c01bbd47fc00a2c39e90264f33305004495a9","hash":"b02951e5893de5789a65e2bd23d692154b2e85cd"}
}
